<?xml version="1.0" encoding="UTF-8"?>
<testng-results skipped="0" failed="0" ignored="0" total="1" passed="1">
  <reporter-output>
  </reporter-output>
  <suite name="sample test suite" duration-ms="33269" started-at="2021-10-13T13:03:26 IST" finished-at="2021-10-13T13:03:59 IST">
    <groups>
    </groups>
    <test name="Login Test" duration-ms="33269" started-at="2021-10-13T13:03:26 IST" finished-at="2021-10-13T13:03:59 IST">
      <class name="com.mavenselenium.IndividualActivity">
        <test-method status="PASS" signature="logintest()[pri:0, instance:com.mavenselenium.IndividualActivity@53b1a3f8]" name="logintest" duration-ms="33175" started-at="2021-10-13T13:03:26 IST" finished-at="2021-10-13T13:03:59 IST">
          <reporter-output>
          </reporter-output>
        </test-method> <!-- logintest -->
      </class> <!-- com.mavenselenium.IndividualActivity -->
    </test> <!-- Login Test -->
  </suite> <!-- sample test suite -->
</testng-results>
