<?xml version="1.0" encoding="UTF-8"?>
<testng-results skipped="0" failed="0" ignored="0" total="2" passed="2">
  <reporter-output>
  </reporter-output>
  <suite name="SampleSuite2" duration-ms="59462" started-at="2021-10-17T10:28:45 IST" finished-at="2021-10-17T10:29:44 IST">
    <groups>
    </groups>
    <test name="SampleTest" duration-ms="32644" started-at="2021-10-17T10:28:45 IST" finished-at="2021-10-17T10:29:17 IST">
      <class name="com.mavenselenium.IndividualActivity">
        <test-method status="PASS" signature="setup(java.lang.String)[pri:0, instance:com.mavenselenium.IndividualActivity@6043cd28]" name="setup" is-config="true" duration-ms="11729" started-at="2021-10-17T10:28:45 IST" finished-at="2021-10-17T10:28:57 IST">
          <params>
            <param index="0">
              <value>
                <![CDATA[Firefox]]>
              </value>
            </param>
          </params>
          <reporter-output>
          </reporter-output>
        </test-method> <!-- setup -->
        <test-method status="PASS" signature="logintest()[pri:0, instance:com.mavenselenium.IndividualActivity@6043cd28]" name="logintest" is-config="true" duration-ms="3666" started-at="2021-10-17T10:28:57 IST" finished-at="2021-10-17T10:29:00 IST">
          <reporter-output>
          </reporter-output>
        </test-method> <!-- logintest -->
        <test-method status="PASS" signature="Scenariotest()[pri:0, instance:com.mavenselenium.IndividualActivity@6043cd28]" name="Scenariotest" duration-ms="12501" started-at="2021-10-17T10:29:00 IST" finished-at="2021-10-17T10:29:13 IST">
          <reporter-output>
          </reporter-output>
        </test-method> <!-- Scenariotest -->
        <test-method status="PASS" signature="logouttest()[pri:0, instance:com.mavenselenium.IndividualActivity@6043cd28]" name="logouttest" is-config="true" duration-ms="1586" started-at="2021-10-17T10:29:13 IST" finished-at="2021-10-17T10:29:14 IST">
          <reporter-output>
          </reporter-output>
        </test-method> <!-- logouttest -->
        <test-method status="PASS" signature="tearDown()[pri:0, instance:com.mavenselenium.IndividualActivity@6043cd28]" name="tearDown" is-config="true" duration-ms="3084" started-at="2021-10-17T10:29:14 IST" finished-at="2021-10-17T10:29:17 IST">
          <reporter-output>
          </reporter-output>
        </test-method> <!-- tearDown -->
      </class> <!-- com.mavenselenium.IndividualActivity -->
    </test> <!-- SampleTest -->
    <test name="Sample2Test" duration-ms="26787" started-at="2021-10-17T10:29:17 IST" finished-at="2021-10-17T10:29:44 IST">
      <class name="com.mavenselenium.IndividualActivity">
        <test-method status="PASS" signature="setup(java.lang.String)[pri:0, instance:com.mavenselenium.IndividualActivity@553a3d88]" name="setup" is-config="true" duration-ms="7959" started-at="2021-10-17T10:29:17 IST" finished-at="2021-10-17T10:29:25 IST">
          <params>
            <param index="0">
              <value>
                <![CDATA[Chrome]]>
              </value>
            </param>
          </params>
          <reporter-output>
          </reporter-output>
        </test-method> <!-- setup -->
        <test-method status="PASS" signature="logintest()[pri:0, instance:com.mavenselenium.IndividualActivity@553a3d88]" name="logintest" is-config="true" duration-ms="4144" started-at="2021-10-17T10:29:25 IST" finished-at="2021-10-17T10:29:30 IST">
          <reporter-output>
          </reporter-output>
        </test-method> <!-- logintest -->
        <test-method status="PASS" signature="Scenariotest()[pri:0, instance:com.mavenselenium.IndividualActivity@553a3d88]" name="Scenariotest" duration-ms="11788" started-at="2021-10-17T10:29:30 IST" finished-at="2021-10-17T10:29:41 IST">
          <reporter-output>
          </reporter-output>
        </test-method> <!-- Scenariotest -->
        <test-method status="PASS" signature="logouttest()[pri:0, instance:com.mavenselenium.IndividualActivity@553a3d88]" name="logouttest" is-config="true" duration-ms="1238" started-at="2021-10-17T10:29:41 IST" finished-at="2021-10-17T10:29:43 IST">
          <reporter-output>
          </reporter-output>
        </test-method> <!-- logouttest -->
        <test-method status="PASS" signature="tearDown()[pri:0, instance:com.mavenselenium.IndividualActivity@553a3d88]" name="tearDown" is-config="true" duration-ms="1652" started-at="2021-10-17T10:29:43 IST" finished-at="2021-10-17T10:29:44 IST">
          <reporter-output>
          </reporter-output>
        </test-method> <!-- tearDown -->
      </class> <!-- com.mavenselenium.IndividualActivity -->
    </test> <!-- Sample2Test -->
  </suite> <!-- SampleSuite2 -->
</testng-results>
